0 info it worked if it ends with ok
1 verbose cli [ '/Users/samanthavinci/.nvm/versions/node/v4.0.0/bin/node',
1 verbose cli   '/Users/samanthavinci/.nvm/versions/node/v4.0.0/bin/npm',
1 verbose cli   'install',
1 verbose cli   '-g',
1 verbose cli   'gulp' ]
2 info using npm@2.14.2
3 info using node@v4.0.0
4 verbose install initial load of /Users/samanthavinci/.nvm/versions/node/v4.0.0/lib/package.json
5 verbose readDependencies loading dependencies from /Users/samanthavinci/.nvm/versions/node/v4.0.0/lib/package.json
6 silly cache add args [ 'gulp', null ]
7 verbose cache add spec gulp
8 silly cache add parsed spec Result {
8 silly cache add   raw: 'gulp',
8 silly cache add   scope: null,
8 silly cache add   name: 'gulp',
8 silly cache add   rawSpec: '',
8 silly cache add   spec: '*',
8 silly cache add   type: 'range' }
9 silly addNamed gulp@*
10 verbose addNamed "*" is a valid semver range for gulp
11 silly addNameRange { name: 'gulp', range: '*', hasData: false }
12 silly mapToRegistry name gulp
13 silly mapToRegistry using default registry
14 silly mapToRegistry registry https://registry.npmjs.org/
15 silly mapToRegistry uri https://registry.npmjs.org/gulp
16 verbose addNameRange registry:https://registry.npmjs.org/gulp not in flight; fetching
17 verbose request uri https://registry.npmjs.org/gulp
18 verbose request no auth needed
19 info attempt registry request try #1 at 2:56:08 PM
20 verbose request id 6d80adb2ba8456d4
21 verbose etag "EALS7BE7B6YA3RDZGJY8PACEX"
22 http request GET https://registry.npmjs.org/gulp
23 http 200 https://registry.npmjs.org/gulp
24 silly get cb [ 200,
24 silly get   { server: 'CouchDB/1.5.0 (Erlang OTP/R16B03)',
24 silly get     etag: '"WHU4TMSW9OF5O8L4I4WRNH9I"',
24 silly get     'content-type': 'application/json',
24 silly get     'cache-control': 'max-age=300',
24 silly get     'content-length': '112763',
24 silly get     'accept-ranges': 'bytes',
24 silly get     date: 'Mon, 29 Feb 2016 19:20:35 GMT',
24 silly get     via: '1.1 varnish',
24 silly get     age: '49',
24 silly get     connection: 'keep-alive',
24 silly get     'x-served-by': 'cache-jfk1047-JFK',
24 silly get     'x-cache': 'HIT',
24 silly get     'x-cache-hits': '3',
24 silly get     'x-timer': 'S1456773635.847010,VS0,VE0',
24 silly get     vary: 'Accept' } ]
25 verbose get saving gulp to /Users/samanthavinci/.npm/registry.npmjs.org/gulp/.cache.json
26 silly addNameRange number 2 { name: 'gulp', range: '*', hasData: true }
27 silly addNameRange versions [ 'gulp',
27 silly addNameRange   [ '0.0.1',
27 silly addNameRange     '0.0.2',
27 silly addNameRange     '0.0.3',
27 silly addNameRange     '0.0.4',
27 silly addNameRange     '0.0.5',
27 silly addNameRange     '0.0.7',
27 silly addNameRange     '0.0.8',
27 silly addNameRange     '0.0.9',
27 silly addNameRange     '0.1.0',
27 silly addNameRange     '0.2.0',
27 silly addNameRange     '1.0.0',
27 silly addNameRange     '1.1.0',
27 silly addNameRange     '1.2.0',
27 silly addNameRange     '1.2.1',
27 silly addNameRange     '2.0.0',
27 silly addNameRange     '2.0.1',
27 silly addNameRange     '2.1.0',
27 silly addNameRange     '2.2.0',
27 silly addNameRange     '2.3.0',
27 silly addNameRange     '2.4.0',
27 silly addNameRange     '2.4.1',
27 silly addNameRange     '2.6.0',
27 silly addNameRange     '2.6.1',
27 silly addNameRange     '2.7.0',
27 silly addNameRange     '3.0.0',
27 silly addNameRange     '3.1.1',
27 silly addNameRange     '3.1.2',
27 silly addNameRange     '3.1.3',
27 silly addNameRange     '3.1.4',
27 silly addNameRange     '3.2.0',
27 silly addNameRange     '3.2.1',
27 silly addNameRange     '3.2.2',
27 silly addNameRange     '3.2.3',
27 silly addNameRange     '3.2.4',
27 silly addNameRange     '3.2.5',
27 silly addNameRange     '3.3.0',
27 silly addNameRange     '3.3.1',
27 silly addNameRange     '3.3.2',
27 silly addNameRange     '3.3.4',
27 silly addNameRange     '3.4.0',
27 silly addNameRange     '3.5.0',
27 silly addNameRange     '3.5.1',
27 silly addNameRange     '3.5.2',
27 silly addNameRange     '3.5.5',
27 silly addNameRange     '3.5.6',
27 silly addNameRange     '3.6.0',
27 silly addNameRange     '3.6.1',
27 silly addNameRange     '3.6.2',
27 silly addNameRange     '3.7.0',
27 silly addNameRange     '3.8.0',
27 silly addNameRange     '3.8.1',
27 silly addNameRange     '3.8.2',
27 silly addNameRange     '3.8.3',
27 silly addNameRange     '3.8.4',
27 silly addNameRange     '3.8.5',
27 silly addNameRange     '3.8.6',
27 silly addNameRange     '3.8.7',
27 silly addNameRange     '3.8.8',
27 silly addNameRange     '3.8.9',
27 silly addNameRange     '3.8.10',
27 silly addNameRange     '3.8.11',
27 silly addNameRange     '3.9.0',
27 silly addNameRange     '3.9.1' ] ]
28 silly addNamed gulp@3.9.1
29 verbose addNamed "3.9.1" is a plain semver version for gulp
30 silly cache afterAdd gulp@3.9.1
31 verbose afterAdd /Users/samanthavinci/.npm/gulp/3.9.1/package/package.json not in flight; writing
32 verbose afterAdd /Users/samanthavinci/.npm/gulp/3.9.1/package/package.json written
33 silly install resolved [ { name: 'gulp',
33 silly install resolved     description: 'The streaming build system',
33 silly install resolved     version: '3.9.1',
33 silly install resolved     homepage: 'http://gulpjs.com',
33 silly install resolved     repository: { type: 'git', url: 'git+https://github.com/gulpjs/gulp.git' },
33 silly install resolved     author:
33 silly install resolved      { name: 'Fractal',
33 silly install resolved        email: 'contact@wearefractal.com',
33 silly install resolved        url: 'http://wearefractal.com/' },
33 silly install resolved     tags: [ 'build', 'stream', 'system', 'make', 'tool', 'asset', 'pipeline' ],
33 silly install resolved     files: [ 'index.js', 'lib', 'bin', 'completion', 'gulp.1' ],
33 silly install resolved     bin: { gulp: './bin/gulp.js' },
33 silly install resolved     man: [ 'gulp.1' ],
33 silly install resolved     dependencies:
33 silly install resolved      { archy: '^1.0.0',
33 silly install resolved        chalk: '^1.0.0',
33 silly install resolved        deprecated: '^0.0.1',
33 silly install resolved        'gulp-util': '^3.0.0',
33 silly install resolved        interpret: '^1.0.0',
33 silly install resolved        liftoff: '^2.1.0',
33 silly install resolved        minimist: '^1.1.0',
33 silly install resolved        orchestrator: '^0.3.0',
33 silly install resolved        'pretty-hrtime': '^1.0.0',
33 silly install resolved        semver: '^4.1.0',
33 silly install resolved        tildify: '^1.0.0',
33 silly install resolved        v8flags: '^2.0.2',
33 silly install resolved        'vinyl-fs': '^0.3.0' },
33 silly install resolved     devDependencies:
33 silly install resolved      { coveralls: '^2.7.0',
33 silly install resolved        eslint: '^1.7.3',
33 silly install resolved        'eslint-config-gulp': '^2.0.0',
33 silly install resolved        'graceful-fs': '^3.0.0',
33 silly install resolved        istanbul: '^0.3.0',
33 silly install resolved        jscs: '^2.3.5',
33 silly install resolved        'jscs-preset-gulp': '^1.0.0',
33 silly install resolved        'marked-man': '^0.1.3',
33 silly install resolved        mkdirp: '^0.5.0',
33 silly install resolved        mocha: '^2.0.1',
33 silly install resolved        'mocha-lcov-reporter': '^0.0.1',
33 silly install resolved        q: '^1.0.0',
33 silly install resolved        rimraf: '^2.2.5',
33 silly install resolved        should: '^5.0.1' },
33 silly install resolved     scripts:
33 silly install resolved      { prepublish: 'marked-man --name gulp docs/CLI.md > gulp.1',
33 silly install resolved        lint: 'eslint . && jscs *.js bin/ lib/ test/',
33 silly install resolved        pretest: 'npm run lint',
33 silly install resolved        test: 'mocha --reporter spec',
33 silly install resolved        coveralls: 'istanbul cover _mocha --report lcovonly -- -R spec && cat ./coverage/lcov.info | coveralls && rm -rf ./coverage' },
33 silly install resolved     engines: { node: '>= 0.9' },
33 silly install resolved     license: 'MIT',
33 silly install resolved     gitHead: '9c14e3a13a73a32e424f144d62566671b2fcdbed',
33 silly install resolved     bugs: { url: 'https://github.com/gulpjs/gulp/issues' },
33 silly install resolved     _id: 'gulp@3.9.1',
33 silly install resolved     _shasum: '571ce45928dd40af6514fc4011866016c13845b4',
33 silly install resolved     _from: 'gulp@*',
33 silly install resolved     _npmVersion: '2.14.14',
33 silly install resolved     _nodeVersion: '0.10.41',
33 silly install resolved     _npmUser: { name: 'phated', email: 'blaine@iceddev.com' },
33 silly install resolved     maintainers: [ [Object], [Object] ],
33 silly install resolved     dist:
33 silly install resolved      { shasum: '571ce45928dd40af6514fc4011866016c13845b4',
33 silly install resolved        tarball: 'http://registry.npmjs.org/gulp/-/gulp-3.9.1.tgz' },
33 silly install resolved     _npmOperationalInternal:
33 silly install resolved      { host: 'packages-6-west.internal.npmjs.com',
33 silly install resolved        tmp: 'tmp/gulp-3.9.1.tgz_1454957415500_0.15343931876122952' },
33 silly install resolved     directories: {},
33 silly install resolved     _resolved: 'https://registry.npmjs.org/gulp/-/gulp-3.9.1.tgz',
33 silly install resolved     readme: 'ERROR: No README data found!' } ]
34 info install gulp@3.9.1 into /Users/samanthavinci/.nvm/versions/node/v4.0.0/lib
35 info installOne gulp@3.9.1
36 verbose installOne of gulp to /Users/samanthavinci/.nvm/versions/node/v4.0.0/lib not in flight; installing
37 verbose lock using /Users/samanthavinci/.npm/_locks/gulp-abb08374fe2f14ea.lock for /Users/samanthavinci/.nvm/versions/node/v4.0.0/lib/node_modules/gulp
38 silly install write writing gulp 3.9.1 to /Users/samanthavinci/.nvm/versions/node/v4.0.0/lib/node_modules/gulp
39 verbose unbuild lib/node_modules/gulp
40 info preuninstall gulp@3.9.1
41 info uninstall gulp@3.9.1
42 verbose unbuild rmStuff gulp@3.9.1 from /Users/samanthavinci/.nvm/versions/node/v4.0.0/lib/node_modules
43 silly gentlyRm /Users/samanthavinci/.nvm/versions/node/v4.0.0/bin/gulp is being gently removed
44 silly gentlyRm verifying /Users/samanthavinci/.nvm/versions/node/v4.0.0 is an npm working directory
45 verbose rmMans man files are [ 'gulp.1' ] in /Users/samanthavinci/.nvm/versions/node/v4.0.0/share/man
46 silly rmMan preparing to remove gulp.1
47 silly gentlyRm /Users/samanthavinci/.nvm/versions/node/v4.0.0/share/man/man1/gulp.1.1 is being gently removed
48 silly gentlyRm verifying /Users/samanthavinci/.nvm/versions/node/v4.0.0 is an npm working directory
49 silly gentlyRm containing path /Users/samanthavinci/.nvm/versions/node/v4.0.0 is under npm's control, in /Users/samanthavinci/.nvm/versions/node/v4.0.0
50 silly gentlyRm deletion target /Users/samanthavinci/.nvm/versions/node/v4.0.0/bin/gulp is under /Users/samanthavinci/.nvm/versions/node/v4.0.0
51 verbose gentlyRm vacuuming from /Users/samanthavinci/.nvm/versions/node/v4.0.0/bin/gulp up to /Users/samanthavinci/.nvm/versions/node/v4.0.0
52 silly gentlyRm containing path /Users/samanthavinci/.nvm/versions/node/v4.0.0 is under npm's control, in /Users/samanthavinci/.nvm/versions/node/v4.0.0
53 silly gentlyRm deletion target /Users/samanthavinci/.nvm/versions/node/v4.0.0/share/man/man1/gulp.1.1 is under /Users/samanthavinci/.nvm/versions/node/v4.0.0
54 verbose gentlyRm vacuuming from /Users/samanthavinci/.nvm/versions/node/v4.0.0/share/man/man1/gulp.1.1 up to /Users/samanthavinci/.nvm/versions/node/v4.0.0
55 silly vacuum-fs removing /Users/samanthavinci/.nvm/versions/node/v4.0.0/bin/gulp
56 silly vacuum-fs quitting because other entries in /Users/samanthavinci/.nvm/versions/node/v4.0.0/bin
57 info postuninstall gulp@3.9.1
58 silly gentlyRm /Users/samanthavinci/.nvm/versions/node/v4.0.0/lib/node_modules/gulp is being purged from base /Users/samanthavinci/.nvm/versions/node/v4.0.0
59 verbose gentlyRm don't care about contents; nuking /Users/samanthavinci/.nvm/versions/node/v4.0.0/lib/node_modules/gulp
60 silly vacuum-fs purging /Users/samanthavinci/.nvm/versions/node/v4.0.0/lib/node_modules/gulp
61 verbose unlock done using /Users/samanthavinci/.npm/_locks/gulp-abb08374fe2f14ea.lock for /Users/samanthavinci/.nvm/versions/node/v4.0.0/lib/node_modules/gulp
62 verbose stack Error: EACCES: permission denied, unlink '/Users/samanthavinci/.nvm/versions/node/v4.0.0/lib/node_modules/gulp/CHANGELOG.md'
62 verbose stack     at Error (native)
63 verbose cwd /Users/samanthavinci/Desktop/oneAweekProjects/hangMan/static
64 error Darwin 14.5.0
65 error argv "/Users/samanthavinci/.nvm/versions/node/v4.0.0/bin/node" "/Users/samanthavinci/.nvm/versions/node/v4.0.0/bin/npm" "install" "-g" "gulp"
66 error node v4.0.0
67 error npm  v2.14.2
68 error path /Users/samanthavinci/.nvm/versions/node/v4.0.0/lib/node_modules/gulp/CHANGELOG.md
69 error code EACCES
70 error errno -13
71 error syscall unlink
72 error Error: EACCES: permission denied, unlink '/Users/samanthavinci/.nvm/versions/node/v4.0.0/lib/node_modules/gulp/CHANGELOG.md'
72 error     at Error (native)
72 error  { [Error: EACCES: permission denied, unlink '/Users/samanthavinci/.nvm/versions/node/v4.0.0/lib/node_modules/gulp/CHANGELOG.md']
72 error   errno: -13,
72 error   code: 'EACCES',
72 error   syscall: 'unlink',
72 error   path: '/Users/samanthavinci/.nvm/versions/node/v4.0.0/lib/node_modules/gulp/CHANGELOG.md' }
73 error Please try running this command again as root/Administrator.
74 verbose exit [ -13, true ]
75 verbose unbuild lib/node_modules/gulp
76 info preuninstall gulp@3.9.1
77 info uninstall gulp@3.9.1
78 verbose unbuild rmStuff gulp@3.9.1 from /Users/samanthavinci/.nvm/versions/node/v4.0.0/lib/node_modules
79 silly gentlyRm /Users/samanthavinci/.nvm/versions/node/v4.0.0/bin/gulp is being gently removed
80 silly gentlyRm verifying /Users/samanthavinci/.nvm/versions/node/v4.0.0 is an npm working directory
81 verbose rmMans man files are [ 'gulp.1' ] in /Users/samanthavinci/.nvm/versions/node/v4.0.0/share/man
82 silly rmMan preparing to remove gulp.1
83 silly gentlyRm /Users/samanthavinci/.nvm/versions/node/v4.0.0/share/man/man1/gulp.1.1 is being gently removed
84 silly gentlyRm verifying /Users/samanthavinci/.nvm/versions/node/v4.0.0 is an npm working directory
85 silly gentlyRm containing path /Users/samanthavinci/.nvm/versions/node/v4.0.0 is under npm's control, in /Users/samanthavinci/.nvm/versions/node/v4.0.0
86 silly gentlyRm deletion target /Users/samanthavinci/.nvm/versions/node/v4.0.0/bin/gulp is under /Users/samanthavinci/.nvm/versions/node/v4.0.0
87 verbose gentlyRm vacuuming from /Users/samanthavinci/.nvm/versions/node/v4.0.0/bin/gulp up to /Users/samanthavinci/.nvm/versions/node/v4.0.0
88 silly gentlyRm containing path /Users/samanthavinci/.nvm/versions/node/v4.0.0 is under npm's control, in /Users/samanthavinci/.nvm/versions/node/v4.0.0
89 silly gentlyRm deletion target /Users/samanthavinci/.nvm/versions/node/v4.0.0/share/man/man1/gulp.1.1 is under /Users/samanthavinci/.nvm/versions/node/v4.0.0
90 verbose gentlyRm vacuuming from /Users/samanthavinci/.nvm/versions/node/v4.0.0/share/man/man1/gulp.1.1 up to /Users/samanthavinci/.nvm/versions/node/v4.0.0
91 info postuninstall gulp@3.9.1
92 silly gentlyRm /Users/samanthavinci/.nvm/versions/node/v4.0.0/lib/node_modules/gulp is being purged from base /Users/samanthavinci/.nvm/versions/node/v4.0.0
93 verbose gentlyRm don't care about contents; nuking /Users/samanthavinci/.nvm/versions/node/v4.0.0/lib/node_modules/gulp
94 silly vacuum-fs purging /Users/samanthavinci/.nvm/versions/node/v4.0.0/lib/node_modules/gulp
95 error error rolling back Error: EACCES: permission denied, unlink '/Users/samanthavinci/.nvm/versions/node/v4.0.0/lib/node_modules/gulp/CHANGELOG.md'
95 error error rolling back     at Error (native)
95 error error rolling back  { [Error: EACCES: permission denied, unlink '/Users/samanthavinci/.nvm/versions/node/v4.0.0/lib/node_modules/gulp/CHANGELOG.md']
95 error error rolling back   errno: -13,
95 error error rolling back   code: 'EACCES',
95 error error rolling back   syscall: 'unlink',
95 error error rolling back   path: '/Users/samanthavinci/.nvm/versions/node/v4.0.0/lib/node_modules/gulp/CHANGELOG.md' }
